<?xml version="1.0" encoding="UTF-8"?>
<testng-results ignored="0" total="6" passed="4" failed="2" skipped="0">
  <reporter-output>
  </reporter-output>
  <suite started-at="2024-11-30T12:55:59 IST" name="Suite" finished-at="2024-11-30T12:56:35 IST" duration-ms="36626">
    <groups>
      <group name="datadriven">
        <method signature="TC003_loginDDT.verifylogin_DDT(java.lang.String,java.lang.String,java.lang.String)[pri:0, instance:testcases.TC003_loginDDT@792b749c]" name="verifylogin_DDT" class="testcases.TC003_loginDDT"/>
      </group> <!-- datadriven -->
      <group name="regression">
        <method signature="TC002_Login_test.verify_login()[pri:0, instance:testcases.TC002_Login_test@6d60fe40]" name="verify_login" class="testcases.TC002_Login_test"/>
      </group> <!-- regression -->
      <group name="sanity">
        <method signature="TC001_Account_registration.Verify_Account_registration()[pri:0, instance:testcases.TC001_Account_registration@4082ba93]" name="Verify_Account_registration" class="testcases.TC001_Account_registration"/>
      </group> <!-- sanity -->
      <group name="master">
        <method signature="TC001_Account_registration.Verify_Account_registration()[pri:0, instance:testcases.TC001_Account_registration@4082ba93]" name="Verify_Account_registration" class="testcases.TC001_Account_registration"/>
        <method signature="TC002_Login_test.verify_login()[pri:0, instance:testcases.TC002_Login_test@6d60fe40]" name="verify_login" class="testcases.TC002_Login_test"/>
        <method signature="TC003_loginDDT.verifylogin_DDT(java.lang.String,java.lang.String,java.lang.String)[pri:0, instance:testcases.TC003_loginDDT@792b749c]" name="verifylogin_DDT" class="testcases.TC003_loginDDT"/>
      </group> <!-- master -->
    </groups>
    <test started-at="2024-11-30T12:55:59 IST" name="Test" finished-at="2024-11-30T12:56:35 IST" duration-ms="36626">
      <class name="testcases.TC002_Login_test">
        <test-method is-config="true" signature="setup(java.lang.String,java.lang.String)[pri:0, instance:testcases.TC002_Login_test@6d60fe40]" started-at="2024-11-30T12:56:06 IST" name="setup" finished-at="2024-11-30T12:56:10 IST" duration-ms="3641" status="PASS">
          <params>
            <param index="0">
              <value>
                <![CDATA[windows]]>
              </value>
            </param>
            <param index="1">
              <value>
                <![CDATA[chrome]]>
              </value>
            </param>
          </params>
          <reporter-output>
          </reporter-output>
        </test-method> <!-- setup -->
        <test-method signature="verify_login()[pri:0, instance:testcases.TC002_Login_test@6d60fe40]" started-at="2024-11-30T12:56:10 IST" name="verify_login" finished-at="2024-11-30T12:56:12 IST" duration-ms="2313" status="PASS">
          <reporter-output>
          </reporter-output>
        </test-method> <!-- verify_login -->
        <test-method is-config="true" signature="teardown()[pri:0, instance:testcases.TC002_Login_test@6d60fe40]" started-at="2024-11-30T12:56:12 IST" name="teardown" finished-at="2024-11-30T12:56:12 IST" duration-ms="210" status="PASS">
          <reporter-output>
          </reporter-output>
        </test-method> <!-- teardown -->
      </class> <!-- testcases.TC002_Login_test -->
      <class name="testcases.TC003_loginDDT">
        <test-method is-config="true" signature="setup(java.lang.String,java.lang.String)[pri:0, instance:testcases.TC003_loginDDT@792b749c]" started-at="2024-11-30T12:56:12 IST" name="setup" finished-at="2024-11-30T12:56:16 IST" duration-ms="3553" status="PASS">
          <params>
            <param index="0">
              <value>
                <![CDATA[windows]]>
              </value>
            </param>
            <param index="1">
              <value>
                <![CDATA[chrome]]>
              </value>
            </param>
          </params>
          <reporter-output>
          </reporter-output>
        </test-method> <!-- setup -->
        <test-method signature="verifylogin_DDT(java.lang.String,java.lang.String,java.lang.String)[pri:0, instance:testcases.TC003_loginDDT@792b749c]" started-at="2024-11-30T12:56:17 IST" name="verifylogin_DDT" data-provider="LoginData" finished-at="2024-11-30T12:56:19 IST" duration-ms="2294" status="PASS">
          <params>
            <param index="0">
              <value>
                <![CDATA[test1231231223@gmail.com]]>
              </value>
            </param>
            <param index="1">
              <value>
                <![CDATA[test1231231223@gmail.com]]>
              </value>
            </param>
            <param index="2">
              <value>
                <![CDATA[Valid]]>
              </value>
            </param>
          </params>
          <reporter-output>
          </reporter-output>
        </test-method> <!-- verifylogin_DDT -->
        <test-method signature="verifylogin_DDT(java.lang.String,java.lang.String,java.lang.String)[pri:0, instance:testcases.TC003_loginDDT@792b749c]" started-at="2024-11-30T12:56:19 IST" name="verifylogin_DDT" data-provider="LoginData" finished-at="2024-11-30T12:56:21 IST" duration-ms="2227" status="FAIL">
          <params>
            <param index="0">
              <value>
                <![CDATA[test1231231223@gmail.com]]>
              </value>
            </param>
            <param index="1">
              <value>
                <![CDATA[test1231231223@gmail.com]]>
              </value>
            </param>
            <param index="2">
              <value>
                <![CDATA[Invalid]]>
              </value>
            </param>
          </params>
          <exception class="java.lang.AssertionError">
            <message>
              <![CDATA[expected [true] but found [false]]]>
            </message>
            <full-stacktrace>
              <![CDATA[java.lang.AssertionError: expected [true] but found [false]
at org.testng.Assert.fail(Assert.java:111)
at org.testng.Assert.failNotEquals(Assert.java:1578)
at org.testng.Assert.assertTrue(Assert.java:57)
at org.testng.Assert.assertTrue(Assert.java:67)
at testcases.TC003_loginDDT.verifylogin_DDT(TC003_loginDDT.java:44)
at java.base/jdk.internal.reflect.NativeMethodAccessorImpl.invoke0(Native Method)
at java.base/jdk.internal.reflect.NativeMethodAccessorImpl.invoke(NativeMethodAccessorImpl.java:77)
at java.base/jdk.internal.reflect.DelegatingMethodAccessorImpl.invoke(DelegatingMethodAccessorImpl.java:43)
at java.base/java.lang.reflect.Method.invoke(Method.java:568)
at org.testng.internal.invokers.MethodInvocationHelper.invokeMethod(MethodInvocationHelper.java:141)
at org.testng.internal.invokers.TestInvoker.invokeMethod(TestInvoker.java:686)
at org.testng.internal.invokers.TestInvoker.invokeTestMethod(TestInvoker.java:230)
at org.testng.internal.invokers.MethodRunner.runInSequence(MethodRunner.java:63)
at org.testng.internal.invokers.TestInvoker$MethodInvocationAgent.invoke(TestInvoker.java:992)
at org.testng.internal.invokers.TestInvoker.invokeTestMethods(TestInvoker.java:203)
at org.testng.internal.invokers.TestMethodWorker.invokeTestMethods(TestMethodWorker.java:154)
at org.testng.internal.invokers.TestMethodWorker.run(TestMethodWorker.java:134)
at java.base/java.util.ArrayList.forEach(ArrayList.java:1511)
at org.testng.TestRunner.privateRun(TestRunner.java:739)
at org.testng.TestRunner.run(TestRunner.java:614)
at org.testng.SuiteRunner.runTest(SuiteRunner.java:421)
at org.testng.SuiteRunner.runSequentially(SuiteRunner.java:413)
at org.testng.SuiteRunner.privateRun(SuiteRunner.java:373)
at org.testng.SuiteRunner.run(SuiteRunner.java:312)
at org.testng.SuiteRunnerWorker.runSuite(SuiteRunnerWorker.java:52)
at org.testng.SuiteRunnerWorker.run(SuiteRunnerWorker.java:95)
at org.testng.TestNG.runSuitesSequentially(TestNG.java:1274)
at org.testng.TestNG.runSuitesLocally(TestNG.java:1208)
at org.testng.TestNG.runSuites(TestNG.java:1112)
at org.testng.TestNG.run(TestNG.java:1079)
at org.testng.remote.AbstractRemoteTestNG.run(AbstractRemoteTestNG.java:115)
at org.testng.remote.RemoteTestNG.initAndRun(RemoteTestNG.java:293)
at org.testng.remote.RemoteTestNG.main(RemoteTestNG.java:91)
]]>
            </full-stacktrace>
          </exception> <!-- java.lang.AssertionError -->
          <reporter-output>
          </reporter-output>
        </test-method> <!-- verifylogin_DDT -->
        <test-method signature="verifylogin_DDT(java.lang.String,java.lang.String,java.lang.String)[pri:0, instance:testcases.TC003_loginDDT@792b749c]" started-at="2024-11-30T12:56:21 IST" name="verifylogin_DDT" data-provider="LoginData" finished-at="2024-11-30T12:56:32 IST" duration-ms="11123" status="PASS">
          <params>
            <param index="0">
              <value>
                <![CDATA[invalid data]]>
              </value>
            </param>
            <param index="1">
              <value>
                <![CDATA[invalid data]]>
              </value>
            </param>
            <param index="2">
              <value>
                <![CDATA[Invalid]]>
              </value>
            </param>
          </params>
          <reporter-output>
          </reporter-output>
        </test-method> <!-- verifylogin_DDT -->
        <test-method signature="verifylogin_DDT(java.lang.String,java.lang.String,java.lang.String)[pri:0, instance:testcases.TC003_loginDDT@792b749c]" started-at="2024-11-30T12:56:32 IST" name="verifylogin_DDT" data-provider="LoginData" finished-at="2024-11-30T12:56:35 IST" duration-ms="2313" status="FAIL">
          <params>
            <param index="0">
              <value>
                <![CDATA[test1231231223@gmail.com]]>
              </value>
            </param>
            <param index="1">
              <value>
                <![CDATA[test1231231223@gmail.com]]>
              </value>
            </param>
            <param index="2">
              <value>
                <![CDATA[Invalid]]>
              </value>
            </param>
          </params>
          <exception class="java.lang.AssertionError">
            <message>
              <![CDATA[expected [true] but found [false]]]>
            </message>
            <full-stacktrace>
              <![CDATA[java.lang.AssertionError: expected [true] but found [false]
at org.testng.Assert.fail(Assert.java:111)
at org.testng.Assert.failNotEquals(Assert.java:1578)
at org.testng.Assert.assertTrue(Assert.java:57)
at org.testng.Assert.assertTrue(Assert.java:67)
at testcases.TC003_loginDDT.verifylogin_DDT(TC003_loginDDT.java:44)
at java.base/jdk.internal.reflect.NativeMethodAccessorImpl.invoke0(Native Method)
at java.base/jdk.internal.reflect.NativeMethodAccessorImpl.invoke(NativeMethodAccessorImpl.java:77)
at java.base/jdk.internal.reflect.DelegatingMethodAccessorImpl.invoke(DelegatingMethodAccessorImpl.java:43)
at java.base/java.lang.reflect.Method.invoke(Method.java:568)
at org.testng.internal.invokers.MethodInvocationHelper.invokeMethod(MethodInvocationHelper.java:141)
at org.testng.internal.invokers.TestInvoker.invokeMethod(TestInvoker.java:686)
at org.testng.internal.invokers.TestInvoker.invokeTestMethod(TestInvoker.java:230)
at org.testng.internal.invokers.MethodRunner.runInSequence(MethodRunner.java:63)
at org.testng.internal.invokers.TestInvoker$MethodInvocationAgent.invoke(TestInvoker.java:992)
at org.testng.internal.invokers.TestInvoker.invokeTestMethods(TestInvoker.java:203)
at org.testng.internal.invokers.TestMethodWorker.invokeTestMethods(TestMethodWorker.java:154)
at org.testng.internal.invokers.TestMethodWorker.run(TestMethodWorker.java:134)
at java.base/java.util.ArrayList.forEach(ArrayList.java:1511)
at org.testng.TestRunner.privateRun(TestRunner.java:739)
at org.testng.TestRunner.run(TestRunner.java:614)
at org.testng.SuiteRunner.runTest(SuiteRunner.java:421)
at org.testng.SuiteRunner.runSequentially(SuiteRunner.java:413)
at org.testng.SuiteRunner.privateRun(SuiteRunner.java:373)
at org.testng.SuiteRunner.run(SuiteRunner.java:312)
at org.testng.SuiteRunnerWorker.runSuite(SuiteRunnerWorker.java:52)
at org.testng.SuiteRunnerWorker.run(SuiteRunnerWorker.java:95)
at org.testng.TestNG.runSuitesSequentially(TestNG.java:1274)
at org.testng.TestNG.runSuitesLocally(TestNG.java:1208)
at org.testng.TestNG.runSuites(TestNG.java:1112)
at org.testng.TestNG.run(TestNG.java:1079)
at org.testng.remote.AbstractRemoteTestNG.run(AbstractRemoteTestNG.java:115)
at org.testng.remote.RemoteTestNG.initAndRun(RemoteTestNG.java:293)
at org.testng.remote.RemoteTestNG.main(RemoteTestNG.java:91)
]]>
            </full-stacktrace>
          </exception> <!-- java.lang.AssertionError -->
          <reporter-output>
          </reporter-output>
        </test-method> <!-- verifylogin_DDT -->
        <test-method is-config="true" signature="teardown()[pri:0, instance:testcases.TC003_loginDDT@792b749c]" started-at="2024-11-30T12:56:35 IST" name="teardown" finished-at="2024-11-30T12:56:35 IST" duration-ms="282" status="PASS">
          <reporter-output>
          </reporter-output>
        </test-method> <!-- teardown -->
      </class> <!-- testcases.TC003_loginDDT -->
      <class name="testcases.TC001_Account_registration">
        <test-method is-config="true" signature="setup(java.lang.String,java.lang.String)[pri:0, instance:testcases.TC001_Account_registration@4082ba93]" started-at="2024-11-30T12:55:59 IST" name="setup" finished-at="2024-11-30T12:56:03 IST" duration-ms="4652" status="PASS">
          <params>
            <param index="0">
              <value>
                <![CDATA[windows]]>
              </value>
            </param>
            <param index="1">
              <value>
                <![CDATA[chrome]]>
              </value>
            </param>
          </params>
          <reporter-output>
          </reporter-output>
        </test-method> <!-- setup -->
        <test-method signature="Verify_Account_registration()[pri:0, instance:testcases.TC001_Account_registration@4082ba93]" started-at="2024-11-30T12:56:04 IST" name="Verify_Account_registration" finished-at="2024-11-30T12:56:06 IST" duration-ms="2406" status="PASS">
          <reporter-output>
          </reporter-output>
        </test-method> <!-- Verify_Account_registration -->
        <test-method is-config="true" signature="teardown()[pri:0, instance:testcases.TC001_Account_registration@4082ba93]" started-at="2024-11-30T12:56:06 IST" name="teardown" finished-at="2024-11-30T12:56:06 IST" duration-ms="187" status="PASS">
          <reporter-output>
          </reporter-output>
        </test-method> <!-- teardown -->
      </class> <!-- testcases.TC001_Account_registration -->
    </test> <!-- Test -->
  </suite> <!-- Suite -->
</testng-results>
